<?xml version="1.0" encoding="UTF-8"?>
<!-- Generated by org.testng.reporters.JUnitReportReporter -->
<testsuite skipped="0" hostname="JAY-COMPUTER" name="com.parkingcalculator.test.ParkingCalTest" tests="1" failures="0" timestamp="09 Feb 2019 20:07:32 GMT" time="23.955" errors="0">
  <testcase name="calculateShotTermParking" time="23.955" classname="com.parkingcalculator.test.ParkingCalTest"/>
</testsuite> <!-- com.parkingcalculator.test.ParkingCalTest -->
