<?xml version="1.0" encoding="UTF-8"?>
<!-- Generated by org.testng.reporters.JUnitReportReporter -->
<testsuite skipped="0" hostname="JAY-COMPUTER" name="com.parkingcalculator.test.DDTParkingCalc" tests="4" failures="0" timestamp="13 Feb 2019 01:43:35 GMT" time="47.840" errors="0">
  <testcase name="dataDrivenTest" time="12.664" classname="com.parkingcalculator.test.DDTParkingCalc"/>
  <testcase name="dataDrivenTest" time="11.295" classname="com.parkingcalculator.test.DDTParkingCalc"/>
  <testcase name="dataDrivenTest" time="12.710" classname="com.parkingcalculator.test.DDTParkingCalc"/>
  <testcase name="dataDrivenTest" time="11.171" classname="com.parkingcalculator.test.DDTParkingCalc"/>
</testsuite> <!-- com.parkingcalculator.test.DDTParkingCalc -->
