<?xml version="1.0" encoding="UTF-8"?>
<!-- Generated by org.testng.reporters.JUnitReportReporter -->
<testsuite skipped="0" hostname="JAY-COMPUTER" name="com.parkingcalculator.test.ParkingCalTest" tests="1" failures="0" timestamp="15 Feb 2019 17:42:54 GMT" time="22.556" errors="0">
  <testcase name="calculateParking" time="22.556" classname="com.parkingcalculator.test.ParkingCalTest"/>
</testsuite> <!-- com.parkingcalculator.test.ParkingCalTest -->
