<?xml version="1.0" encoding="UTF-8"?>
<!-- Generated by org.testng.reporters.JUnitReportReporter -->
<testsuite skipped="0" hostname="JAY-COMPUTER" name="com.parkingcalculator.test.DDTParkingCalc" tests="4" failures="0" timestamp="03 Mar 2019 23:32:47 GMT" time="60.281" errors="0">
  <testcase name="dataDrivenTest" time="13.423" classname="com.parkingcalculator.test.DDTParkingCalc"/>
  <testcase name="dataDrivenTest" time="13.990" classname="com.parkingcalculator.test.DDTParkingCalc"/>
  <testcase name="dataDrivenTest" time="20.370" classname="com.parkingcalculator.test.DDTParkingCalc"/>
  <testcase name="dataDrivenTest" time="12.498" classname="com.parkingcalculator.test.DDTParkingCalc"/>
</testsuite> <!-- com.parkingcalculator.test.DDTParkingCalc -->
