<?xml version="1.0" encoding="UTF-8"?>
<!-- Generated by org.testng.reporters.JUnitReportReporter -->
<testsuite skipped="0" hostname="JAY-COMPUTER" name="com.parkingcalculator.test.DDTParkingCalc" tests="4" failures="0" timestamp="18 Apr 2019 20:48:15 GMT" time="55.732" errors="0">
  <testcase name="dataDrivenTest" time="13.515" classname="com.parkingcalculator.test.DDTParkingCalc"/>
  <testcase name="dataDrivenTest" time="12.959" classname="com.parkingcalculator.test.DDTParkingCalc"/>
  <testcase name="dataDrivenTest" time="13.351" classname="com.parkingcalculator.test.DDTParkingCalc"/>
  <testcase name="dataDrivenTest" time="15.907" classname="com.parkingcalculator.test.DDTParkingCalc"/>
</testsuite> <!-- com.parkingcalculator.test.DDTParkingCalc -->
