<?xml version="1.0" encoding="UTF-8"?>
<!-- Generated by org.testng.reporters.JUnitReportReporter -->
<testsuite skipped="0" hostname="JAY-COMPUTER" name="com.parkingcalculator.test.ParkingCalTest" tests="1" failures="0" timestamp="07 Mar 2019 17:19:16 GMT" time="24.166" errors="0">
  <testcase name="calculateParking" time="24.166" classname="com.parkingcalculator.test.ParkingCalTest"/>
</testsuite> <!-- com.parkingcalculator.test.ParkingCalTest -->
