<?xml version="1.0" encoding="UTF-8"?>
<!-- Generated by org.testng.reporters.JUnitReportReporter -->
<testsuite skipped="1" hostname="JAY-COMPUTER" name="com.onlinestore.tests.OnlineStoreTests" tests="2" failures="0" timestamp="12 Apr 2019 00:16:54 GMT" time="45.392" errors="0">
  <testcase name="buyCasualDress" time="45.392" classname="com.onlinestore.tests.OnlineStoreTests"/>
  <testcase name="buyTshirts" classname="com.onlinestore.tests.OnlineStoreTests">
    <skipped/>
  </testcase> <!-- buyTshirts -->
</testsuite> <!-- com.onlinestore.tests.OnlineStoreTests -->
